2022-08-31 12:38:45,646 DEBUG l.g.u.Log [main] - bosses Spawned RaidBoss Icarus Sample 1
2022-08-31 12:38:45,646 DEBUG l.g.u.Log [main] - bosses Spawned RaidBoss Hekaton Prime
2022-08-31 12:38:45,647 DEBUG l.g.u.Log [main] - bosses Spawned RaidBoss Giant Marpanak
2022-08-31 12:38:45,663 DEBUG l.g.u.Log [main] - bosses Spawned RaidBoss Guardian of the Statue of Giant Karum
2022-08-31 12:38:45,664 DEBUG l.g.u.Log [main] - bosses Spawned RaidBoss Apepi
2022-08-31 12:38:45,681 DEBUG l.g.u.Log [main] - bosses Spawned RaidBoss Gorgolos
2022-08-31 12:38:45,697 DEBUG l.g.u.Log [main] - bosses Spawned RaidBoss Last Titan Utenus
2022-08-31 12:38:45,713 DEBUG l.g.u.Log [main] - bosses Spawned RaidBoss Water Spirit Lian
2022-08-31 12:38:45,713 DEBUG l.g.u.Log [main] - bosses Spawned RaidBoss Gwindorr
2022-08-31 12:38:45,730 DEBUG l.g.u.Log [main] - bosses Spawned RaidBoss Dark Shaman Varangka 
2022-08-31 12:38:52,953 DEBUG l.g.u.Log [main] - bosses Spawned RaidBoss Valdstone
2022-08-31 12:38:52,953 DEBUG l.g.u.Log [main] - bosses Spawned RaidBoss Rok
2022-08-31 12:38:52,970 DEBUG l.g.u.Log [main] - bosses Spawned RaidBoss Enira
2022-08-31 12:38:52,970 DEBUG l.g.u.Log [main] - bosses Spawned RaidBoss Fenril Hound Kerinne
2022-08-31 12:38:52,986 DEBUG l.g.u.Log [main] - bosses Spawned RaidBoss Fenril Hound Freki
2022-08-31 12:38:52,986 DEBUG l.g.u.Log [main] - bosses Spawned RaidBoss Fenril Hound Uruz
2022-08-31 12:38:53,002 DEBUG l.g.u.Log [main] - bosses Spawned RaidBoss Fenril Hound Kinaz
2022-08-31 12:38:53,002 DEBUG l.g.u.Log [main] - bosses Spawned RaidBoss Wings of Flame Ixion
2022-08-31 12:38:53,019 DEBUG l.g.u.Log [main] - bosses Spawned RaidBoss Discarded Guardian
2022-08-31 12:38:53,035 DEBUG l.g.u.Log [main] - bosses Spawned RaidBoss Kaysha Herald of Icarus
2022-08-31 12:38:53,051 DEBUG l.g.u.Log [main] - bosses Spawned RaidBoss Zombie Lord Farakelsus
2022-08-31 12:38:53,051 DEBUG l.g.u.Log [main] - bosses Spawned RaidBoss Malex Herald of Dagoniel 
2022-08-31 12:38:53,067 DEBUG l.g.u.Log [main] - bosses Spawned RaidBoss Archon Suscepter
2022-08-31 12:38:53,084 DEBUG l.g.u.Log [main] - bosses Spawned RaidBoss Atraiban
2022-08-31 12:38:53,086 DEBUG l.g.u.Log [main] - bosses Spawned RaidBoss Demon Kurikups
2022-08-31 12:38:53,102 DEBUG l.g.u.Log [main] - bosses Spawned RaidBoss Zaken's Butcher Krantz
2022-08-31 12:38:53,118 DEBUG l.g.u.Log [main] - bosses Spawned RaidBoss Magus Kenishee
2022-08-31 12:38:53,118 DEBUG l.g.u.Log [main] - bosses Spawned RaidBoss Zaken's Chief Mate Tillion
2022-08-31 12:38:53,134 DEBUG l.g.u.Log [main] - bosses Spawned RaidBoss Eva's Spirit Niniel
2022-08-31 12:38:53,134 DEBUG l.g.u.Log [main] - bosses Spawned RaidBoss Fafurion's Envoy Pingolpin
2022-08-31 12:38:53,152 DEBUG l.g.u.Log [main] - bosses Spawned RaidBoss The 3rd Underwater Guardian
2022-08-31 12:38:53,168 DEBUG l.g.u.Log [main] - bosses Spawned RaidBoss Eva's Guardian Millenu
2022-08-31 12:38:53,184 DEBUG l.g.u.Log [main] - bosses Spawned RaidBoss Flamestone Giant
2022-08-31 12:38:53,184 DEBUG l.g.u.Log [main] - bosses Spawned RaidBoss Ember
2022-08-31 12:38:53,200 DEBUG l.g.u.Log [main] - bosses Spawned RaidBoss Plague Golem
2022-08-31 12:38:53,200 DEBUG l.g.u.Log [main] - bosses Spawned RaidBoss Gordon
2022-08-31 12:38:53,201 DEBUG l.g.u.Log [main] - bosses Spawned RaidBoss Anais
2022-08-31 12:38:53,216 DEBUG l.g.u.Log [main] - bosses Spawned RaidBoss Queen Shyeed
2022-08-31 12:38:53,232 DEBUG l.g.u.Log [main] - bosses Spawned RaidBoss Nellis' Vengeful Spirit
2022-08-31 12:38:53,232 DEBUG l.g.u.Log [main] - bosses Spawned RaidBoss Rayito the Looter
2022-08-31 12:38:53,249 DEBUG l.g.u.Log [main] - bosses Spawned RaidBoss Boss Akata
2022-08-31 12:38:53,249 DEBUG l.g.u.Log [main] - bosses Spawned RaidBoss Andreas Van Halter
2022-08-31 12:38:53,249 DEBUG l.g.u.Log [main] - bosses Spawned RaidBoss Uruka
2022-08-31 12:38:53,265 DEBUG l.g.u.Log [main] - bosses Spawned RaidBoss Tully
2022-08-31 12:38:53,282 DEBUG l.g.u.Log [main] - bosses Spawned RaidBoss Darion
2022-08-31 12:38:53,282 DEBUG l.g.u.Log [main] - bosses Spawned RaidBoss Serpent Demon Bifrons
2022-08-31 12:38:53,297 DEBUG l.g.u.Log [main] - bosses Spawned RaidBoss Chertuba of Great Soul
2022-08-31 12:38:53,313 DEBUG l.g.u.Log [main] - bosses Spawned RaidBoss Turek Mercenary Captain
2022-08-31 12:38:53,313 DEBUG l.g.u.Log [main] - bosses Spawned RaidBoss Princess Molrang
2022-08-31 12:38:53,313 DEBUG l.g.u.Log [main] - bosses Spawned RaidBoss Soul Scavenger
2022-08-31 12:38:53,330 DEBUG l.g.u.Log [main] - bosses Spawned RaidBoss Greyclaw Kutus
2022-08-31 12:38:53,346 DEBUG l.g.u.Log [main] - bosses Spawned RaidBoss Ragraman
2022-08-31 12:38:53,362 DEBUG l.g.u.Log [main] - bosses Spawned RaidBoss Tracker Leader Sharuk
2022-08-31 12:38:53,362 DEBUG l.g.u.Log [main] - bosses Spawned RaidBoss Patriarch Kuroboros
2022-08-31 12:38:53,378 DEBUG l.g.u.Log [main] - bosses Spawned RaidBoss Kuroboros' Priest
2022-08-31 12:38:53,378 DEBUG l.g.u.Log [main] - bosses Spawned RaidBoss Unrequited Kael
2022-08-31 12:38:53,379 DEBUG l.g.u.Log [main] - bosses Spawned RaidBoss Tirak
2022-08-31 12:38:53,379 DEBUG l.g.u.Log [main] - bosses Spawned RaidBoss Elf Renoa
2022-08-31 12:38:53,395 DEBUG l.g.u.Log [main] - bosses Spawned RaidBoss Langk Matriarch Rashkos
2022-08-31 12:38:53,395 DEBUG l.g.u.Log [main] - bosses Spawned RaidBoss Sukar Wererat Chief
2022-08-31 12:38:53,412 DEBUG l.g.u.Log [main] - bosses Spawned RaidBoss Zombie Lord Crowl
2022-08-31 12:38:53,428 DEBUG l.g.u.Log [main] - bosses Spawned RaidBoss Ikuntai
2022-08-31 12:38:53,444 DEBUG l.g.u.Log [main] - bosses Spawned RaidBoss Giant Wasteland Basilisk
2022-08-31 12:38:53,445 DEBUG l.g.u.Log [main] - bosses Spawned RaidBoss Gargoyle Lord Sirocco
2022-08-31 12:38:53,461 DEBUG l.g.u.Log [main] - bosses Spawned RaidBoss Madness Beast
2022-08-31 12:38:53,461 DEBUG l.g.u.Log [main] - bosses Spawned RaidBoss Rotten Tree Repiro
2022-08-31 12:38:53,461 DEBUG l.g.u.Log [main] - bosses Spawned RaidBoss Dread Avenger Kraven
2022-08-31 12:38:53,478 DEBUG l.g.u.Log [main] - bosses Spawned RaidBoss Orfen's Handmaiden
2022-08-31 12:38:53,494 DEBUG l.g.u.Log [main] - bosses Spawned RaidBoss Carnage Lord Gato
2022-08-31 12:38:53,494 DEBUG l.g.u.Log [main] - bosses Spawned RaidBoss Refugee Hopeful Leo
2022-08-31 12:38:53,510 DEBUG l.g.u.Log [main] - bosses Spawned RaidBoss Captain of Red Flag Shaka
2022-08-31 12:38:53,510 DEBUG l.g.u.Log [main] - bosses Spawned RaidBoss Crazy Mechanic Golem
2022-08-31 12:38:53,510 DEBUG l.g.u.Log [main] - bosses Spawned RaidBoss Flamestone Golem
2022-08-31 12:38:53,526 DEBUG l.g.u.Log [main] - bosses Spawned RaidBoss Iron Giant Totem
2022-08-31 12:38:53,526 DEBUG l.g.u.Log [main] - bosses Spawned RaidBoss Katu Van Leader Atui
2022-08-31 12:38:53,526 DEBUG l.g.u.Log [main] - bosses Spawned RaidBoss King Tarlk
2022-08-31 12:38:53,542 DEBUG l.g.u.Log [main] - bosses Spawned RaidBoss Timak Orc Gosmos
2022-08-31 12:38:53,542 DEBUG l.g.u.Log [main] - bosses Spawned RaidBoss Timak Seer Ragoth
2022-08-31 12:38:53,558 DEBUG l.g.u.Log [main] - bosses Spawned RaidBoss Timak Orc Chief Ranger
2022-08-31 12:38:53,574 DEBUG l.g.u.Log [main] - bosses Spawned RaidBoss Shaman King Selu
2022-08-31 12:38:53,574 DEBUG l.g.u.Log [main] - bosses Spawned RaidBoss Wizard of Storm Teruk
2022-08-31 12:38:53,590 DEBUG l.g.u.Log [main] - bosses Spawned RaidBoss Leto Chief Talkin
2022-08-31 12:38:53,605 DEBUG l.g.u.Log [main] - bosses Spawned RaidBoss Roaring Lord Kastor
2022-08-31 12:38:53,605 DEBUG l.g.u.Log [main] - bosses Spawned RaidBoss Rahha
2022-08-31 12:38:53,621 DEBUG l.g.u.Log [main] - bosses Spawned RaidBoss Doom Blade Tanatos
2022-08-31 12:38:53,637 DEBUG l.g.u.Log [main] - bosses Spawned RaidBoss Betrayer of Urutu Freki
2022-08-31 12:38:53,637 DEBUG l.g.u.Log [main] - bosses Spawned RaidBoss Mammon Collector Talos
2022-08-31 12:38:53,653 DEBUG l.g.u.Log [main] - bosses Spawned RaidBoss Remmel
2022-08-31 12:38:53,672 DEBUG l.g.u.Log [main] - bosses Spawned RaidBoss Lizardmen Leader Hellion
2022-08-31 12:38:53,672 DEBUG l.g.u.Log [main] - bosses Spawned RaidBoss Stakato Queen Zyrnna
2022-08-31 12:38:53,703 DEBUG l.g.u.Log [main] - bosses Spawned RaidBoss Captain of Queen's Royal Guards
2022-08-31 12:38:53,719 DEBUG l.g.u.Log [main] - bosses Spawned RaidBoss Vuku Grand Seer Gharmash
2022-08-31 12:38:53,720 DEBUG l.g.u.Log [main] - bosses Spawned RaidBoss Tiger Hornet
2022-08-31 12:38:53,720 DEBUG l.g.u.Log [main] - bosses Spawned RaidBoss Pan Dryad
2022-08-31 12:38:53,738 DEBUG l.g.u.Log [main] - bosses Spawned RaidBoss Eye of Beleth
2022-08-31 12:38:53,739 DEBUG l.g.u.Log [main] - bosses Spawned RaidBoss Red Eye Captain Trakia
2022-08-31 12:38:53,755 DEBUG l.g.u.Log [main] - bosses Spawned RaidBoss Nurka's Messenger
2022-08-31 12:38:53,771 DEBUG l.g.u.Log [main] - bosses Spawned RaidBoss Partisan Leader Talakin
2022-08-31 12:38:53,787 DEBUG l.g.u.Log [main] - bosses Spawned RaidBoss Cat's Eye Bandit
2022-08-31 12:38:53,787 DEBUG l.g.u.Log [main] - bosses Spawned RaidBoss Flame Lord Shadar
2022-08-31 12:38:53,803 DEBUG l.g.u.Log [main] - bosses Spawned RaidBoss Evil Spirit Tempest
2022-08-31 12:38:53,803 DEBUG l.g.u.Log [main] - bosses Spawned RaidBoss Guilotine
2022-08-31 12:38:53,803 DEBUG l.g.u.Log [main] - bosses Spawned RaidBoss Soul Collector Acheron
2022-08-31 12:38:53,819 DEBUG l.g.u.Log [main] - bosses Spawned RaidBoss Revenant of Sir Calibus
2022-08-31 12:38:53,819 DEBUG l.g.u.Log [main] - bosses Spawned RaidBoss Corsair Captain Kylon
2022-08-31 12:38:53,819 DEBUG l.g.u.Log [main] - bosses Spawned RaidBoss Black Lily
2022-08-31 12:38:53,835 DEBUG l.g.u.Log [main] - bosses Spawned RaidBoss Necrosentinel Royal Guard
2022-08-31 12:38:53,835 DEBUG l.g.u.Log [main] - bosses Spawned RaidBoss Cursed Clara
2022-08-31 12:38:53,835 DEBUG l.g.u.Log [main] - bosses Spawned RaidBoss Road Scavenger Leader
2022-08-31 12:38:53,851 DEBUG l.g.u.Log [main] - bosses Spawned RaidBoss Breka Warlock Pastu
2022-08-31 12:38:53,867 DEBUG l.g.u.Log [main] - bosses Spawned RaidBoss Tiger King Karuta
2022-08-31 12:38:53,867 DEBUG l.g.u.Log [main] - bosses Spawned RaidBoss Leader of Cat Gang
2022-08-31 12:38:53,885 DEBUG l.g.u.Log [main] - bosses Spawned RaidBoss Ancient Weird Drake
2022-08-31 12:38:53,901 DEBUG l.g.u.Log [main] - bosses Spawned RaidBoss Lord Ishka 
2022-08-31 12:38:53,901 DEBUG l.g.u.Log [main] - bosses Spawned RaidBoss Skyla
2022-08-31 12:38:53,917 DEBUG l.g.u.Log [main] - bosses Spawned RaidBoss Beleth's Seer Sephia
2022-08-31 12:38:53,933 DEBUG l.g.u.Log [main] - bosses Spawned RaidBoss Agent of Beres Meana
2022-08-31 12:38:53,933 DEBUG l.g.u.Log [main] - bosses Spawned RaidBoss Sejarr's Servitor
2022-08-31 12:38:53,949 DEBUG l.g.u.Log [main] - bosses Spawned RaidBoss Nakondas
2022-08-31 12:38:53,964 DEBUG l.g.u.Log [main] - bosses Spawned RaidBoss Bloody Priest Rudelto
2022-08-31 12:38:53,964 DEBUG l.g.u.Log [main] - bosses Spawned RaidBoss Antharas Priest Cloe
2022-08-31 12:38:53,980 DEBUG l.g.u.Log [main] - bosses Spawned RaidBoss Water Spirit Lian
2022-08-31 12:38:53,996 DEBUG l.g.u.Log [main] - bosses Spawned RaidBoss Gwindorr
2022-08-31 12:38:54,013 DEBUG l.g.u.Log [main] - bosses Spawned RaidBoss Fafurion's Herald Lokness
2022-08-31 12:38:54,029 DEBUG l.g.u.Log [main] - bosses Spawned RaidBoss Water Dragon Seer Sheshark
2022-08-31 12:38:54,044 DEBUG l.g.u.Log [main] - bosses Spawned RaidBoss Krokian Padisha Sobekk
2022-08-31 12:38:54,060 DEBUG l.g.u.Log [main] - bosses Spawned RaidBoss Ocean Flame Ashakiel
2022-08-31 12:38:54,060 DEBUG l.g.u.Log [main] - bosses Spawned RaidBoss Fafurion's Henchman Istary
2022-08-31 12:38:54,076 DEBUG l.g.u.Log [main] - bosses Spawned RaidBoss Biconne of Blue Sky
2022-08-31 12:38:54,076 DEBUG l.g.u.Log [main] - bosses Spawned RaidBoss Earth Protector Panathen
2022-08-31 12:38:54,093 DEBUG l.g.u.Log [main] - bosses Spawned RaidBoss Fafurion's Page Sika
2022-08-31 12:38:54,093 DEBUG l.g.u.Log [main] - bosses Spawned RaidBoss Premo Prime
2022-08-31 12:38:54,094 DEBUG l.g.u.Log [main] - bosses Spawned RaidBoss Bandit Leader Barda
2022-08-31 12:38:54,094 DEBUG l.g.u.Log [main] - bosses Spawned RaidBoss Enmity Ghost Ramdal
2022-08-31 12:38:54,109 DEBUG l.g.u.Log [main] - bosses Spawned RaidBoss Death Lord Hallate
2022-08-31 12:38:54,127 DEBUG l.g.u.Log [main] - bosses Spawned RaidBoss Immortal Savior Mardil
2022-08-31 12:38:54,144 DEBUG l.g.u.Log [main] - bosses Spawned RaidBoss Korim
2022-08-31 12:38:54,161 DEBUG l.g.u.Log [main] - bosses Spawned RaidBoss Kernon
2022-08-31 12:38:54,177 DEBUG l.g.u.Log [main] - bosses Spawned RaidBoss Longhorn Golkonda
2022-08-31 12:38:54,193 DEBUG l.g.u.Log [main] - bosses Spawned RaidBoss Fire of Wrath Shuriel
2022-08-31 12:38:54,209 DEBUG l.g.u.Log [main] - bosses Spawned RaidBoss Cherub Galaxia
2022-08-31 12:38:54,209 DEBUG l.g.u.Log [main] - bosses Spawned RaidBoss Barion
2022-08-31 12:38:54,225 DEBUG l.g.u.Log [main] - bosses Spawned RaidBoss Karte
2022-08-31 12:38:54,225 DEBUG l.g.u.Log [main] - bosses Spawned RaidBoss Verfa
2022-08-31 12:38:54,226 DEBUG l.g.u.Log [main] - bosses Spawned RaidBoss Fairy Queen Timiniel
2022-08-31 12:38:54,226 DEBUG l.g.u.Log [main] - bosses Spawned RaidBoss Paniel the Unicorn
2022-08-31 12:38:54,226 DEBUG l.g.u.Log [main] - bosses Spawned RaidBoss Messenger of Fairy Queen Berun
2022-08-31 12:38:54,226 DEBUG l.g.u.Log [main] - bosses Spawned RaidBoss Enchanted Forest Watcher Ruell
2022-08-31 12:38:54,242 DEBUG l.g.u.Log [main] - bosses Spawned RaidBoss Furious Thieles
2022-08-31 12:38:54,259 DEBUG l.g.u.Log [main] - bosses Spawned RaidBoss Roaring Skylancer
2022-08-31 12:38:54,275 DEBUG l.g.u.Log [main] - bosses Spawned RaidBoss Retreat Spider Cletu
2022-08-31 12:38:54,291 DEBUG l.g.u.Log [main] - bosses Spawned RaidBoss Shacram
2022-08-31 12:38:54,308 DEBUG l.g.u.Log [main] - bosses Spawned RaidBoss Evil Spirit Cyrion
2022-08-31 12:38:54,308 DEBUG l.g.u.Log [main] - bosses Spawned RaidBoss Thief Kelbar
2022-08-31 12:38:54,325 DEBUG l.g.u.Log [main] - bosses Spawned RaidBoss Kernon's Faithful Servant Kelone
2022-08-31 12:38:54,325 DEBUG l.g.u.Log [main] - bosses Spawned RaidBoss Death Lord Ipos
2022-08-31 12:38:54,326 DEBUG l.g.u.Log [main] - bosses Spawned RaidBoss Storm Winged Naga
2022-08-31 12:38:54,342 DEBUG l.g.u.Log [main] - bosses Spawned RaidBoss Palatanos of Horrific Power
2022-08-31 12:38:54,357 DEBUG l.g.u.Log [main] - bosses Spawned RaidBoss Meanas Anor
2022-08-31 12:38:54,357 DEBUG l.g.u.Log [main] - bosses Spawned RaidBoss Sorcerer Isirr
2022-08-31 12:38:54,374 DEBUG l.g.u.Log [main] - bosses Spawned RaidBoss Mirror of Oblivion
2022-08-31 12:38:54,374 DEBUG l.g.u.Log [main] - bosses Spawned RaidBoss Deadman Ereve
2022-08-31 12:38:54,392 DEBUG l.g.u.Log [main] - bosses Spawned RaidBoss Abyss Brukunt
2022-08-31 12:38:54,392 DEBUG l.g.u.Log [main] - bosses Spawned RaidBoss Gargoyle Lord Tiphon
2022-08-31 12:38:54,408 DEBUG l.g.u.Log [main] - bosses Spawned RaidBoss Ghost of the Well Lidia
2022-08-31 12:38:54,408 DEBUG l.g.u.Log [main] - bosses Spawned RaidBoss Spirit of Andras the Betrayer
2022-08-31 12:38:54,424 DEBUG l.g.u.Log [main] - bosses Spawned RaidBoss Shilen's Priest Hisilrome
2022-08-31 12:38:54,424 DEBUG l.g.u.Log [main] - bosses Spawned RaidBoss Ghost of Peasant Leader
2022-08-31 12:38:54,424 DEBUG l.g.u.Log [main] - bosses Spawned RaidBoss Grave Robber Kim
2022-08-31 12:38:54,440 DEBUG l.g.u.Log [main] - bosses Spawned RaidBoss Ghost Knight Kabed
2022-08-31 12:38:54,440 DEBUG l.g.u.Log [main] - bosses Spawned RaidBoss Shilen's Messenger Cabrio
2022-08-31 12:38:54,440 DEBUG l.g.u.Log [main] - bosses Spawned RaidBoss Palibati Queen Themis
2022-08-31 12:38:54,456 DEBUG l.g.u.Log [main] - bosses Spawned RaidBoss Bloody Empress Decarbia
2022-08-31 12:38:54,456 DEBUG l.g.u.Log [main] - bosses Spawned RaidBoss Last Lesser Giant Glaki
2022-08-31 12:38:54,472 DEBUG l.g.u.Log [main] - bosses Spawned RaidBoss Last Lesser Giant Olkuth
2022-08-31 12:38:54,489 DEBUG l.g.u.Log [main] - bosses Spawned RaidBoss Guardian of the Statue of Giant Karum
2022-08-31 12:38:54,505 DEBUG l.g.u.Log [main] - bosses Spawned RaidBoss Hekaton Prime
2022-08-31 12:38:54,521 DEBUG l.g.u.Log [main] - bosses Spawned RaidBoss Giant Marpanak
2022-08-31 12:38:54,538 DEBUG l.g.u.Log [main] - bosses Spawned RaidBoss Last Titan Utenus
2022-08-31 12:38:54,538 DEBUG l.g.u.Log [main] - bosses Spawned RaidBoss Gorgolos
2022-08-31 12:38:54,538 DEBUG l.g.u.Log [main] - bosses Spawned RaidBoss Taik High Prefect Arak
2022-08-31 12:38:54,555 DEBUG l.g.u.Log [main] - bosses Spawned RaidBoss Fierce Tiger King Angel
2022-08-31 12:38:54,571 DEBUG l.g.u.Log [main] - bosses Spawned RaidBoss Soulless Wild Boar
2022-08-31 12:38:54,571 DEBUG l.g.u.Log [main] - bosses Spawned RaidBoss Harit Hero Tamash
2022-08-31 12:38:54,587 DEBUG l.g.u.Log [main] - bosses Spawned RaidBoss Harit Guardian Garangky
2022-08-31 12:38:54,587 DEBUG l.g.u.Log [main] - bosses Spawned RaidBoss Varka's Commander Mos
2022-08-31 12:38:54,587 DEBUG l.g.u.Log [main] - bosses Spawned RaidBoss Varka's Chief Horus
2022-08-31 12:38:54,604 DEBUG l.g.u.Log [main] - bosses Spawned RaidBoss Varka's Hero Shadith
2022-08-31 12:38:54,605 DEBUG l.g.u.Log [main] - bosses Spawned RaidBoss Vanor Chief Kandra
2022-08-31 12:38:54,621 DEBUG l.g.u.Log [main] - bosses Spawned RaidBoss Beast Lord Behemoth
2022-08-31 12:38:54,637 DEBUG l.g.u.Log [main] - bosses Spawned RaidBoss Hestia
2022-08-31 12:38:54,654 DEBUG l.g.u.Log [main] - bosses Spawned RaidBoss Ketra's Commander Tayr
2022-08-31 12:38:54,654 DEBUG l.g.u.Log [main] - bosses Spawned RaidBoss Ketra's Chief Brakki
2022-08-31 12:38:54,672 DEBUG l.g.u.Log [main] - bosses Spawned RaidBoss Ketra's Hero Hekaton
2022-08-31 12:38:54,672 DEBUG l.g.u.Log [main] - bosses Spawned RaidBoss Flame of Splendor Barakiel
2022-08-31 12:38:54,688 DEBUG l.g.u.Log [main] - bosses Spawned RaidBoss Demon's Agent Falston
2022-08-31 12:38:54,703 DEBUG l.g.u.Log [main] - bosses Spawned RaidBoss Lilith's Witch Marilion
2022-08-31 12:38:54,703 DEBUG l.g.u.Log [main] - bosses Spawned RaidBoss Pagan Watcher Cerberon
2022-08-31 12:38:54,703 DEBUG l.g.u.Log [main] - bosses Spawned RaidBoss Anakim's Nemesis Zakaron
2022-08-31 12:38:54,703 DEBUG l.g.u.Log [main] - bosses Spawned RaidBoss Death Lord Shax
